<?xml version="1.0" encoding="UTF-8"?>
<testng-results skipped="0" failed="0" ignored="0" total="5" passed="5">
  <reporter-output>
  </reporter-output>
  <suite name="Default suite" duration-ms="9249" started-at="2022-11-05T10:24:19 IST" finished-at="2022-11-05T10:24:28 IST">
    <groups>
      <group name="cucumber">
        <method signature="AbstractTestNGCucumberTests.runScenario(io.cucumber.testng.PickleWrapper, io.cucumber.testng.FeatureWrapper)[pri:0, instance:Runner.Runnercucumber@536aaa8d]" name="runScenario" class="io.cucumber.testng.AbstractTestNGCucumberTests"/>
      </group> <!-- cucumber -->
    </groups>
    <test name="Default test" duration-ms="9249" started-at="2022-11-05T10:24:19 IST" finished-at="2022-11-05T10:24:28 IST">
      <class name="Runner.Runnercucumber">
        <test-method status="PASS" signature="setUpClass()[pri:0, instance:Runner.Runnercucumber@536aaa8d]" name="setUpClass" is-config="true" duration-ms="2587" started-at="2022-11-05T10:24:19 IST" finished-at="2022-11-05T10:24:22 IST">
          <reporter-output>
          </reporter-output>
        </test-method> <!-- setUpClass -->
        <test-method status="PASS" signature="runScenario(io.cucumber.testng.PickleWrapper, io.cucumber.testng.FeatureWrapper)[pri:0, instance:Runner.Runnercucumber@536aaa8d]" name="runScenario" duration-ms="4036" started-at="2022-11-05T10:24:22 IST" description="Runs Cucumber Scenarios" data-provider="scenarios" finished-at="2022-11-05T10:24:26 IST">
          <params>
            <param index="0">
              <value>
                <![CDATA["user is able delete the data"]]>
              </value>
            </param>
            <param index="1">
              <value>
                <![CDATA["Optional[user want to delete the data from database]"]]>
              </value>
            </param>
          </params>
          <reporter-output>
          </reporter-output>
        </test-method> <!-- runScenario -->
        <test-method status="PASS" signature="runScenario(io.cucumber.testng.PickleWrapper, io.cucumber.testng.FeatureWrapper)[pri:0, instance:Runner.Runnercucumber@536aaa8d]" name="runScenario" duration-ms="248" started-at="2022-11-05T10:24:26 IST" description="Runs Cucumber Scenarios" data-provider="scenarios" finished-at="2022-11-05T10:24:26 IST">
          <params>
            <param index="0">
              <value>
                <![CDATA["user is able get the data"]]>
              </value>
            </param>
            <param index="1">
              <value>
                <![CDATA["Optional[user want to get the data]"]]>
              </value>
            </param>
          </params>
          <reporter-output>
          </reporter-output>
        </test-method> <!-- runScenario -->
        <test-method status="PASS" signature="runScenario(io.cucumber.testng.PickleWrapper, io.cucumber.testng.FeatureWrapper)[pri:0, instance:Runner.Runnercucumber@536aaa8d]" name="runScenario" duration-ms="177" started-at="2022-11-05T10:24:26 IST" description="Runs Cucumber Scenarios" data-provider="scenarios" finished-at="2022-11-05T10:24:26 IST">
          <params>
            <param index="0">
              <value>
                <![CDATA["user is able retrieve the data"]]>
              </value>
            </param>
            <param index="1">
              <value>
                <![CDATA["Optional[user want to fetch the data from database]"]]>
              </value>
            </param>
          </params>
          <reporter-output>
          </reporter-output>
        </test-method> <!-- runScenario -->
        <test-method status="PASS" signature="runScenario(io.cucumber.testng.PickleWrapper, io.cucumber.testng.FeatureWrapper)[pri:0, instance:Runner.Runnercucumber@536aaa8d]" name="runScenario" duration-ms="1396" started-at="2022-11-05T10:24:26 IST" description="Runs Cucumber Scenarios" data-provider="scenarios" finished-at="2022-11-05T10:24:28 IST">
          <params>
            <param index="0">
              <value>
                <![CDATA["a user wants to create the data by using post method"]]>
              </value>
            </param>
            <param index="1">
              <value>
                <![CDATA["Optional[a user is able to create data in database]"]]>
              </value>
            </param>
          </params>
          <reporter-output>
          </reporter-output>
        </test-method> <!-- runScenario -->
        <test-method status="PASS" signature="runScenario(io.cucumber.testng.PickleWrapper, io.cucumber.testng.FeatureWrapper)[pri:0, instance:Runner.Runnercucumber@536aaa8d]" name="runScenario" duration-ms="651" started-at="2022-11-05T10:24:28 IST" description="Runs Cucumber Scenarios" data-provider="scenarios" finished-at="2022-11-05T10:24:28 IST">
          <params>
            <param index="0">
              <value>
                <![CDATA["a user wants to put the data"]]>
              </value>
            </param>
            <param index="1">
              <value>
                <![CDATA["Optional[a user is able to update the data in the database]"]]>
              </value>
            </param>
          </params>
          <reporter-output>
          </reporter-output>
        </test-method> <!-- runScenario -->
        <test-method status="PASS" signature="tearDownClass()[pri:0, instance:Runner.Runnercucumber@536aaa8d]" name="tearDownClass" is-config="true" duration-ms="90" started-at="2022-11-05T10:24:28 IST" finished-at="2022-11-05T10:24:28 IST">
          <reporter-output>
          </reporter-output>
        </test-method> <!-- tearDownClass -->
      </class> <!-- Runner.Runnercucumber -->
    </test> <!-- Default test -->
  </suite> <!-- Default suite -->
</testng-results>
